Using pre-set license
Built from '2020.3/staging' branch; Version is '2020.3.0f1 (c7b5465681fb) revision 13088070'; Using compiler version '192528614'; Build Type 'Release'
OS: 'Windows 10 Pro; OS build 19042.1288; Version 2009; 64bit' Language: 'en' Physical Memory: 16294 MB
BatchMode: 1, IsHumanControllingUs: 0, StartBugReporterOnCrash: 0, Is64bit: 1, IsPro: 0

 COMMAND LINE ARGUMENTS:
D:\Unity\Editor\2020.3.0f1\Editor\Unity.exe
-adb2
-batchMode
-noUpm
-name
AssetImportWorker0
-projectPath
D:/MyMetaverse/UMAPreviwer/UMAPreviewer
-logFile
Logs/AssetImportWorker0.log
-srvPort
1568
Successfully changed project path to: D:/MyMetaverse/UMAPreviwer/UMAPreviewer
D:/MyMetaverse/UMAPreviwer/UMAPreviewer
Using Asset Import Pipeline V2.
Refreshing native plugins compatible for Editor in 67.61 ms, found 0 plugins.
Preloading 0 native plugins for Editor in 0.00 ms.
Initialize engine version: 2020.3.0f1 (c7b5465681fb)
[Subsystems] Discovering subsystems at path D:/Unity/Editor/2020.3.0f1/Editor/Data/Resources/UnitySubsystems
[Subsystems] Discovering subsystems at path D:/MyMetaverse/UMAPreviwer/UMAPreviewer/Assets
GfxDevice: creating device client; threaded=0
Direct3D:
    Version:  Direct3D 11.0 [level 11.1]
    Renderer: NVIDIA GeForce RTX 2070 SUPER (ID=0x1e84)
    Vendor:   
    VRAM:     8011 MB
    Driver:   30.0.14.7196
Initialize mono
Mono path[0] = 'D:/Unity/Editor/2020.3.0f1/Editor/Data/Managed'
Mono path[1] = 'D:/Unity/Editor/2020.3.0f1/Editor/Data/MonoBleedingEdge/lib/mono/unityjit'
Mono config path = 'D:/Unity/Editor/2020.3.0f1/Editor/Data/MonoBleedingEdge/etc'
Using monoOptions --debugger-agent=transport=dt_socket,embedding=1,server=y,suspend=n,address=127.0.0.1:56824
Begin MonoManager ReloadAssembly
Registering precompiled unity dll's ...
Register platform support module: D:/Unity/Editor/2020.3.0f1/Editor/Data/PlaybackEngines/WebGLSupport/UnityEditor.WebGL.Extensions.dll
Register platform support module: D:/Unity/Editor/2020.3.0f1/Editor/Data/PlaybackEngines/WindowsStandaloneSupport/UnityEditor.WindowsStandalone.Extensions.dll
Registered in 0.166079 seconds.
Native extension for WindowsStandalone target not found
Native extension for WebGL target not found
Refreshing native plugins compatible for Editor in 40.66 ms, found 0 plugins.
Preloading 0 native plugins for Editor in 0.00 ms.
Invoked RoslynAnalysisRunner static constructor.
RoslynAnalysisRunner will not be running.
RoslynAnalysisRunner has terminated.
Mono: successfully reloaded assembly
- Completed reload, in  3.997 seconds
Platform modules already initialized, skipping
Registering precompiled user dll's ...
Registered in 0.031367 seconds.
Begin MonoManager ReloadAssembly
Native extension for WindowsStandalone target not found
Native extension for WebGL target not found
Refreshing native plugins compatible for Editor in 0.48 ms, found 0 plugins.
Preloading 0 native plugins for Editor in 0.00 ms.
Invoked RoslynAnalysisRunner static constructor.
RoslynAnalysisRunner will not be running.
RoslynAnalysisRunner has terminated.
Mono: successfully reloaded assembly
- Completed reload, in  1.765 seconds
Platform modules already initialized, skipping
========================================================================
Worker process is ready to serve import requests
Launched and connected shader compiler UnityShaderCompiler.exe after 0.12 seconds
Refreshing native plugins compatible for Editor in 0.43 ms, found 0 plugins.
Preloading 0 native plugins for Editor in 0.00 ms.
Unloading 1488 Unused Serialized files (Serialized files now loaded: 0)
System memory in use before: 74.4 MB.
System memory in use after: 74.5 MB.

Unloading 9 unused Assets to reduce memory usage. Loaded Objects now: 1937.
Total: 1.574900 ms (FindLiveObjects: 0.188600 ms CreateObjectMapping: 0.035300 ms MarkObjects: 1.260600 ms  DeleteObjects: 0.089400 ms)

========================================================================
Received Import Request.
  path: Assets/Races/NewModel
  artifactKey: Guid(4f26d3a5425ff2543b1c1321bfc674c8) Importer(815301076,1909f56bfc062723c751e8b465ee728b)
Start importing Assets/Races/NewModel using Guid(4f26d3a5425ff2543b1c1321bfc674c8) Importer(815301076,1909f56bfc062723c751e8b465ee728b)  -> (artifact id: 'a1f73f309bec15de2827170ab2023689') in 0.021378 seconds
  Import took 0.041859 seconds .

========================================================================
Received Import Request.
  Time since last request: 8.029062 seconds.
  path: Assets/Races/NewModel/NewModel.fbx
  artifactKey: Guid(8b816ec5c6a8efe4f843b835978a6f7d) Importer(815301076,1909f56bfc062723c751e8b465ee728b)
Start importing Assets/Races/NewModel/NewModel.fbx using Guid(8b816ec5c6a8efe4f843b835978a6f7d) Importer(815301076,1909f56bfc062723c751e8b465ee728b)  -> (artifact id: '2ae4e939721bc56023c642f97cac797e') in 0.453828 seconds
  Import took 0.457168 seconds .

========================================================================
Received Import Request.
  Time since last request: 25.957716 seconds.
  path: Assets/Races/NewModel/NewModel.fbx
  artifactKey: Guid(8b816ec5c6a8efe4f843b835978a6f7d) Importer(815301076,1909f56bfc062723c751e8b465ee728b)
Start importing Assets/Races/NewModel/NewModel.fbx using Guid(8b816ec5c6a8efe4f843b835978a6f7d) Importer(815301076,1909f56bfc062723c751e8b465ee728b)  -> (artifact id: 'f834f761b4fa680d7916c60dcfeee84e') in 0.125861 seconds
  Import took 0.129231 seconds .

========================================================================
Received Import Request.
  Time since last request: 5.627672 seconds.
  path: Assets/Races/NewModel/FBX
  artifactKey: Guid(9507a5639c21f5546b68098837e21114) Importer(815301076,1909f56bfc062723c751e8b465ee728b)
Start importing Assets/Races/NewModel/FBX using Guid(9507a5639c21f5546b68098837e21114) Importer(815301076,1909f56bfc062723c751e8b465ee728b)  -> (artifact id: 'ce5a5a10ea5821ec05d5abf20b1826e4') in 0.004242 seconds
  Import took 0.006676 seconds .

========================================================================
Received Import Request.
  Time since last request: 0.042885 seconds.
  path: Assets/Races/NewModel/FBX
  artifactKey: Guid(9507a5639c21f5546b68098837e21114) Importer(815301076,1909f56bfc062723c751e8b465ee728b)
Start importing Assets/Races/NewModel/FBX using Guid(9507a5639c21f5546b68098837e21114) Importer(815301076,1909f56bfc062723c751e8b465ee728b)  -> (artifact id: 'ce5a5a10ea5821ec05d5abf20b1826e4') in 0.001355 seconds
  Import took 0.003628 seconds .

========================================================================
Received Import Request.
  Time since last request: 16.248651 seconds.
  path: Assets/Races/NewModel/RaceData
  artifactKey: Guid(7b86c1755c452894c9bdf1b7fc8b72e7) Importer(815301076,1909f56bfc062723c751e8b465ee728b)
Start importing Assets/Races/NewModel/RaceData using Guid(7b86c1755c452894c9bdf1b7fc8b72e7) Importer(815301076,1909f56bfc062723c751e8b465ee728b)  -> (artifact id: '7a36bf33e32256718b67cbac206dd781') in 0.022646 seconds
  Import took 0.087100 seconds .

========================================================================
Received Import Request.
  Time since last request: 5.909022 seconds.
  path: Assets/Races/NewModel/Recies
  artifactKey: Guid(8ad31aeeac842624cb4b31d67372ed2b) Importer(815301076,1909f56bfc062723c751e8b465ee728b)
Start importing Assets/Races/NewModel/Recies using Guid(8ad31aeeac842624cb4b31d67372ed2b) Importer(815301076,1909f56bfc062723c751e8b465ee728b)  -> (artifact id: 'e41b8cc6230ce5a0792febaf1c7b8adb') in 0.004465 seconds
  Import took 0.025322 seconds .

========================================================================
Received Import Request.
  Time since last request: 0.024094 seconds.
  path: Assets/Races/NewModel/Recies
  artifactKey: Guid(8ad31aeeac842624cb4b31d67372ed2b) Importer(815301076,1909f56bfc062723c751e8b465ee728b)
Start importing Assets/Races/NewModel/Recies using Guid(8ad31aeeac842624cb4b31d67372ed2b) Importer(815301076,1909f56bfc062723c751e8b465ee728b)  -> (artifact id: 'e41b8cc6230ce5a0792febaf1c7b8adb') in 0.001401 seconds
  Import took 0.003608 seconds .

========================================================================
Received Import Request.
  Time since last request: 13.512429 seconds.
  path: Assets/Races/NewModel/RaceData/New RaceData.asset
  artifactKey: Guid(270e01dfe6e9d24469cee461d7e59520) Importer(815301076,1909f56bfc062723c751e8b465ee728b)
Start importing Assets/Races/NewModel/RaceData/New RaceData.asset using Guid(270e01dfe6e9d24469cee461d7e59520) Importer(815301076,1909f56bfc062723c751e8b465ee728b)  -> (artifact id: 'fc8ca65cb3c3630590891fdb3f4a5f86') in 0.010906 seconds
  Import took 0.013452 seconds .

========================================================================
Received Import Request.
  Time since last request: 0.033088 seconds.
  path: Assets/Races/NewModel/RaceData/New RaceData.asset
  artifactKey: Guid(270e01dfe6e9d24469cee461d7e59520) Importer(815301076,1909f56bfc062723c751e8b465ee728b)
Start importing Assets/Races/NewModel/RaceData/New RaceData.asset using Guid(270e01dfe6e9d24469cee461d7e59520) Importer(815301076,1909f56bfc062723c751e8b465ee728b)  -> (artifact id: 'fc8ca65cb3c3630590891fdb3f4a5f86') in 0.001743 seconds
  Import took 0.003906 seconds .

========================================================================
Received Import Request.
  Time since last request: 10.188861 seconds.
  path: Assets/Races/NewModel/RaceData/NewModelRaceData.asset
  artifactKey: Guid(270e01dfe6e9d24469cee461d7e59520) Importer(815301076,1909f56bfc062723c751e8b465ee728b)
Start importing Assets/Races/NewModel/RaceData/NewModelRaceData.asset using Guid(270e01dfe6e9d24469cee461d7e59520) Importer(815301076,1909f56bfc062723c751e8b465ee728b)  -> (artifact id: '0d96436c528cb2040119aba0a56b8058') in 0.004555 seconds
  Import took 0.006885 seconds .

========================================================================
Received Import Request.
  Time since last request: 0.039794 seconds.
  path: Assets/Races/NewModel/RaceData/NewModelRaceData.asset
  artifactKey: Guid(270e01dfe6e9d24469cee461d7e59520) Importer(815301076,1909f56bfc062723c751e8b465ee728b)
Start importing Assets/Races/NewModel/RaceData/NewModelRaceData.asset using Guid(270e01dfe6e9d24469cee461d7e59520) Importer(815301076,1909f56bfc062723c751e8b465ee728b)  -> (artifact id: '0d96436c528cb2040119aba0a56b8058') in 0.001715 seconds
  Import took 0.004059 seconds .

========================================================================
Received Import Request.
  Time since last request: 5.156506 seconds.
  path: Assets/Races/NewModel/RaceData/NewModelRaceData.asset
  artifactKey: Guid(270e01dfe6e9d24469cee461d7e59520) Importer(815301076,1909f56bfc062723c751e8b465ee728b)
Start importing Assets/Races/NewModel/RaceData/NewModelRaceData.asset using Guid(270e01dfe6e9d24469cee461d7e59520) Importer(815301076,1909f56bfc062723c751e8b465ee728b)  -> (artifact id: 'f6c118dacea3f54db07af6e2ca49be53') in 0.001631 seconds
  Import took 0.003844 seconds .

========================================================================
Received Import Request.
  Time since last request: 0.042491 seconds.
  path: Assets/Races/NewModel/RaceData/NewModelRaceData.asset
  artifactKey: Guid(270e01dfe6e9d24469cee461d7e59520) Importer(815301076,1909f56bfc062723c751e8b465ee728b)
Start importing Assets/Races/NewModel/RaceData/NewModelRaceData.asset using Guid(270e01dfe6e9d24469cee461d7e59520) Importer(815301076,1909f56bfc062723c751e8b465ee728b)  -> (artifact id: 'f6c118dacea3f54db07af6e2ca49be53') in 0.001669 seconds
  Import took 0.003850 seconds .

========================================================================
Received Import Request.
  Time since last request: 10.346990 seconds.
  path: Assets/Races/NewModel/Recies/New UMATextRecipe.asset
  artifactKey: Guid(66d25fc03d65dbb41bab1cd8e0750daa) Importer(815301076,1909f56bfc062723c751e8b465ee728b)
Start importing Assets/Races/NewModel/Recies/New UMATextRecipe.asset using Guid(66d25fc03d65dbb41bab1cd8e0750daa) Importer(815301076,1909f56bfc062723c751e8b465ee728b)  -> (artifact id: 'a8d883eb2eadada28ec2910472345624') in 0.006789 seconds
  Import took 0.009526 seconds .

========================================================================
Received Import Request.
  Time since last request: 0.036601 seconds.
  path: Assets/Races/NewModel/Recies/New UMATextRecipe.asset
  artifactKey: Guid(66d25fc03d65dbb41bab1cd8e0750daa) Importer(815301076,1909f56bfc062723c751e8b465ee728b)
Start importing Assets/Races/NewModel/Recies/New UMATextRecipe.asset using Guid(66d25fc03d65dbb41bab1cd8e0750daa) Importer(815301076,1909f56bfc062723c751e8b465ee728b)  -> (artifact id: 'a8d883eb2eadada28ec2910472345624') in 0.001927 seconds
  Import took 0.004584 seconds .

========================================================================
Received Import Request.
  Time since last request: 6.326079 seconds.
  path: Assets/Races/NewModel/Recies/NewModelUMATextRecipe.asset
  artifactKey: Guid(66d25fc03d65dbb41bab1cd8e0750daa) Importer(815301076,1909f56bfc062723c751e8b465ee728b)
Start importing Assets/Races/NewModel/Recies/NewModelUMATextRecipe.asset using Guid(66d25fc03d65dbb41bab1cd8e0750daa) Importer(815301076,1909f56bfc062723c751e8b465ee728b)  -> (artifact id: '7f0530b60016c173a2f118b328c89278') in 0.004660 seconds
  Import took 0.007103 seconds .

========================================================================
Received Import Request.
  Time since last request: 0.038961 seconds.
  path: Assets/Races/NewModel/Recies/NewModelUMATextRecipe.asset
  artifactKey: Guid(66d25fc03d65dbb41bab1cd8e0750daa) Importer(815301076,1909f56bfc062723c751e8b465ee728b)
Start importing Assets/Races/NewModel/Recies/NewModelUMATextRecipe.asset using Guid(66d25fc03d65dbb41bab1cd8e0750daa) Importer(815301076,1909f56bfc062723c751e8b465ee728b)  -> (artifact id: '7f0530b60016c173a2f118b328c89278') in 0.001751 seconds
  Import took 0.004029 seconds .

========================================================================
Received Import Request.
  Time since last request: 32.645967 seconds.
  path: Assets/Races/NewModel/TPoses/NewModel_TPose.asset
  artifactKey: Guid(fb11f63bf1d865c46b7c22cbc4ac7a21) Importer(815301076,1909f56bfc062723c751e8b465ee728b)
Start importing Assets/Races/NewModel/TPoses/NewModel_TPose.asset using Guid(fb11f63bf1d865c46b7c22cbc4ac7a21) Importer(815301076,1909f56bfc062723c751e8b465ee728b)  -> (artifact id: '461680f53cf65587212f0a5c3d6ed059') in 0.005382 seconds
  Import took 0.008112 seconds .

========================================================================
Received Import Request.
  Time since last request: 4.206872 seconds.
  path: Assets/Races/NewModel/RaceData/NewModelRaceData.asset
  artifactKey: Guid(270e01dfe6e9d24469cee461d7e59520) Importer(815301076,1909f56bfc062723c751e8b465ee728b)
Start importing Assets/Races/NewModel/RaceData/NewModelRaceData.asset using Guid(270e01dfe6e9d24469cee461d7e59520) Importer(815301076,1909f56bfc062723c751e8b465ee728b)  -> (artifact id: '94c17ebb72df3bb27c50224e2537abd6') in 0.002964 seconds
  Import took 0.005350 seconds .

========================================================================
Received Import Request.
  Time since last request: 0.002994 seconds.
  path: Assets/Races/NewModel/RaceData/NewModelRaceData.asset
  artifactKey: Guid(270e01dfe6e9d24469cee461d7e59520) Importer(815301076,1909f56bfc062723c751e8b465ee728b)
Start importing Assets/Races/NewModel/RaceData/NewModelRaceData.asset using Guid(270e01dfe6e9d24469cee461d7e59520) Importer(815301076,1909f56bfc062723c751e8b465ee728b)  -> (artifact id: '94c17ebb72df3bb27c50224e2537abd6') in 0.001838 seconds
  Import took 0.003839 seconds .

========================================================================
Received Import Request.
  Time since last request: 14.470439 seconds.
  path: Assets/Races/NewModel/Recies/NewModelUMATextRecipe.asset
  artifactKey: Guid(66d25fc03d65dbb41bab1cd8e0750daa) Importer(815301076,1909f56bfc062723c751e8b465ee728b)
Start importing Assets/Races/NewModel/Recies/NewModelUMATextRecipe.asset using Guid(66d25fc03d65dbb41bab1cd8e0750daa) Importer(815301076,1909f56bfc062723c751e8b465ee728b)  -> (artifact id: '48eed66c12cd20ee7fe9cb8732eaaa3a') in 0.001731 seconds
  Import took 0.004183 seconds .

========================================================================
Received Import Request.
  Time since last request: 16.935453 seconds.
  path: Assets/Races/NewModel/RaceData/NewModelRaceData.asset
  artifactKey: Guid(270e01dfe6e9d24469cee461d7e59520) Importer(815301076,1909f56bfc062723c751e8b465ee728b)
Start importing Assets/Races/NewModel/RaceData/NewModelRaceData.asset using Guid(270e01dfe6e9d24469cee461d7e59520) Importer(815301076,1909f56bfc062723c751e8b465ee728b)  -> (artifact id: '061d9c67748292e9b13048bbe9bedac0') in 0.002049 seconds
  Import took 0.004411 seconds .

========================================================================
Received Import Request.
  Time since last request: 0.000323 seconds.
  path: Assets/Races/NewModel/RaceData/NewModelRaceData.asset
  artifactKey: Guid(270e01dfe6e9d24469cee461d7e59520) Importer(815301076,1909f56bfc062723c751e8b465ee728b)
Start importing Assets/Races/NewModel/RaceData/NewModelRaceData.asset using Guid(270e01dfe6e9d24469cee461d7e59520) Importer(815301076,1909f56bfc062723c751e8b465ee728b)  -> (artifact id: '061d9c67748292e9b13048bbe9bedac0') in 0.001632 seconds
  Import took 0.003437 seconds .

========================================================================
Received Import Request.
  Time since last request: 7.107094 seconds.
  path: Assets/Races/NewModel/Recies/NewModelUMATextRecipe.asset
  artifactKey: Guid(66d25fc03d65dbb41bab1cd8e0750daa) Importer(815301076,1909f56bfc062723c751e8b465ee728b)
Start importing Assets/Races/NewModel/Recies/NewModelUMATextRecipe.asset using Guid(66d25fc03d65dbb41bab1cd8e0750daa) Importer(815301076,1909f56bfc062723c751e8b465ee728b)  -> (artifact id: '931985eff4bf1b8e8ae1c61e60ea01a7') in 0.001810 seconds
  Import took 0.004117 seconds .

========================================================================
Received Prepare
Registering precompiled user dll's ...
Registered in 0.000545 seconds.
Begin MonoManager ReloadAssembly
Native extension for WindowsStandalone target not found
Native extension for WebGL target not found
Refreshing native plugins compatible for Editor in 0.45 ms, found 0 plugins.
Preloading 0 native plugins for Editor in 0.00 ms.
Invoked RoslynAnalysisRunner static constructor.
RoslynAnalysisRunner will not be running.
RoslynAnalysisRunner has terminated.
Mono: successfully reloaded assembly
- Completed reload, in  0.627 seconds
Platform modules already initialized, skipping
Refreshing native plugins compatible for Editor in 0.45 ms, found 0 plugins.
Preloading 0 native plugins for Editor in 0.00 ms.
Unloading 1469 Unused Serialized files (Serialized files now loaded: 0)
System memory in use before: 90.9 MB.
System memory in use after: 91.0 MB.

Unloading 4 unused Assets to reduce memory usage. Loaded Objects now: 1984.
Total: 1.520200 ms (FindLiveObjects: 0.158900 ms CreateObjectMapping: 0.038100 ms MarkObjects: 1.306800 ms  DeleteObjects: 0.015600 ms)

========================================================================
Received Import Request.
  Time since last request: 123.086984 seconds.
  path: Assets/Scenes/ModelPreviewer.unity
  artifactKey: Guid(ddd3c2bf56a0094408dd05f7156fc3c4) Importer(815301076,1909f56bfc062723c751e8b465ee728b)
Start importing Assets/Scenes/ModelPreviewer.unity using Guid(ddd3c2bf56a0094408dd05f7156fc3c4) Importer(815301076,1909f56bfc062723c751e8b465ee728b)  -> (artifact id: '58070dcf2e7ee64de81a5cc43aac2796') in 0.016201 seconds
  Import took 0.018744 seconds .

========================================================================
Received Prepare
Registering precompiled user dll's ...
Registered in 0.000620 seconds.
Begin MonoManager ReloadAssembly
Native extension for WindowsStandalone target not found
Native extension for WebGL target not found
Refreshing native plugins compatible for Editor in 0.53 ms, found 0 plugins.
Preloading 0 native plugins for Editor in 0.00 ms.
Invoked RoslynAnalysisRunner static constructor.
RoslynAnalysisRunner will not be running.
RoslynAnalysisRunner has terminated.
Mono: successfully reloaded assembly
- Completed reload, in  0.635 seconds
Platform modules already initialized, skipping
Refreshing native plugins compatible for Editor in 0.43 ms, found 0 plugins.
Preloading 0 native plugins for Editor in 0.00 ms.
Unloading 1469 Unused Serialized files (Serialized files now loaded: 0)
System memory in use before: 90.9 MB.
System memory in use after: 91.0 MB.

Unloading 4 unused Assets to reduce memory usage. Loaded Objects now: 1987.
Total: 1.744600 ms (FindLiveObjects: 0.191900 ms CreateObjectMapping: 0.032200 ms MarkObjects: 1.505600 ms  DeleteObjects: 0.013200 ms)

========================================================================
Received Import Request.
  Time since last request: 81.009262 seconds.
  path: Assets/Races/NewModel/Slots
  artifactKey: Guid(760556f4507663a4a84f8b4bfded4dca) Importer(815301076,1909f56bfc062723c751e8b465ee728b)
Start importing Assets/Races/NewModel/Slots using Guid(760556f4507663a4a84f8b4bfded4dca) Importer(815301076,1909f56bfc062723c751e8b465ee728b)  -> (artifact id: 'eb8c165ba3fa1c2d7c0a8887c9d2549f') in 0.026178 seconds
  Import took 0.028690 seconds .

========================================================================
Received Import Request.
  Time since last request: 0.020883 seconds.
  path: Assets/Races/NewModel/Slots
  artifactKey: Guid(760556f4507663a4a84f8b4bfded4dca) Importer(815301076,1909f56bfc062723c751e8b465ee728b)
Start importing Assets/Races/NewModel/Slots using Guid(760556f4507663a4a84f8b4bfded4dca) Importer(815301076,1909f56bfc062723c751e8b465ee728b)  -> (artifact id: 'eb8c165ba3fa1c2d7c0a8887c9d2549f') in 0.001343 seconds
  Import took 0.003435 seconds .

========================================================================
Received Import Request.
  Time since last request: 128.189729 seconds.
  path: Assets/Races
  artifactKey: Guid(a5c5ffec569b5ea4b9d0ae0914ac956c) Importer(815301076,1909f56bfc062723c751e8b465ee728b)
Start importing Assets/Races using Guid(a5c5ffec569b5ea4b9d0ae0914ac956c) Importer(815301076,1909f56bfc062723c751e8b465ee728b)  -> (artifact id: '43e7761fc0ba3445027148cd737befd5') in 0.004503 seconds
  Import took 0.006970 seconds .

========================================================================
Received Import Request.
  Time since last request: 5.278408 seconds.
  path: Assets/Races/TestModel
  artifactKey: Guid(4647905e0abecb84e96bf3a84335b938) Importer(815301076,1909f56bfc062723c751e8b465ee728b)
Start importing Assets/Races/TestModel using Guid(4647905e0abecb84e96bf3a84335b938) Importer(815301076,1909f56bfc062723c751e8b465ee728b)  -> (artifact id: 'da41ef1a8f8d2259e82eafd04518ecc0') in 0.004724 seconds
  Import took 0.007109 seconds .

========================================================================
Received Import Request.
  Time since last request: 0.042494 seconds.
  path: Assets/Races/TestModel
  artifactKey: Guid(4647905e0abecb84e96bf3a84335b938) Importer(815301076,1909f56bfc062723c751e8b465ee728b)
Start importing Assets/Races/TestModel using Guid(4647905e0abecb84e96bf3a84335b938) Importer(815301076,1909f56bfc062723c751e8b465ee728b)  -> (artifact id: 'da41ef1a8f8d2259e82eafd04518ecc0') in 0.001410 seconds
  Import took 0.003540 seconds .

========================================================================
Received Import Request.
  Time since last request: 8.254189 seconds.
  path: Assets/Races/TestModel/TestModel.fbx
  artifactKey: Guid(4e8a2efd6c1b1e544bd04a2799a48bd4) Importer(815301076,1909f56bfc062723c751e8b465ee728b)
Start importing Assets/Races/TestModel/TestModel.fbx using Guid(4e8a2efd6c1b1e544bd04a2799a48bd4) Importer(815301076,1909f56bfc062723c751e8b465ee728b)  -> (artifact id: '81cac25a8eb3e7aa09f74b9014c3a7f9') in 0.189938 seconds
  Import took 0.193255 seconds .

========================================================================
Received Import Request.
  Time since last request: 17.246275 seconds.
  path: Assets/Races/TestModel/TestModel.fbx
  artifactKey: Guid(4e8a2efd6c1b1e544bd04a2799a48bd4) Importer(815301076,1909f56bfc062723c751e8b465ee728b)
Start importing Assets/Races/TestModel/TestModel.fbx using Guid(4e8a2efd6c1b1e544bd04a2799a48bd4) Importer(815301076,1909f56bfc062723c751e8b465ee728b)  -> (artifact id: '034b6f0620dae7216d9424f649b0952c') in 0.127670 seconds
  Import took 0.130996 seconds .

========================================================================
Received Import Request.
  Time since last request: 4.287253 seconds.
  path: Assets/Races/TestModel/FBX
  artifactKey: Guid(854bdd240ca97684badd69463803ba1b) Importer(815301076,1909f56bfc062723c751e8b465ee728b)
Start importing Assets/Races/TestModel/FBX using Guid(854bdd240ca97684badd69463803ba1b) Importer(815301076,1909f56bfc062723c751e8b465ee728b)  -> (artifact id: 'a30965991ea3b46d73c865657377f9a3') in 0.001446 seconds
  Import took 0.003962 seconds .

========================================================================
Received Import Request.
  Time since last request: 8.755248 seconds.
  path: Assets/Races/TestModel/RaceData
  artifactKey: Guid(c53b56b7a4e726d4286bc168007546e6) Importer(815301076,1909f56bfc062723c751e8b465ee728b)
Start importing Assets/Races/TestModel/RaceData using Guid(c53b56b7a4e726d4286bc168007546e6) Importer(815301076,1909f56bfc062723c751e8b465ee728b)  -> (artifact id: 'c966a673bb57d64e33a1634889fa6cfc') in 0.001424 seconds
  Import took 0.003540 seconds .

========================================================================
Received Import Request.
  Time since last request: 10.982076 seconds.
  path: Assets/Races/TestModel/Recip
  artifactKey: Guid(6cb9a4567ae17f545af534c1b864ef3b) Importer(815301076,1909f56bfc062723c751e8b465ee728b)
Start importing Assets/Races/TestModel/Recip using Guid(6cb9a4567ae17f545af534c1b864ef3b) Importer(815301076,1909f56bfc062723c751e8b465ee728b)  -> (artifact id: '12943dbb10a762e3378df3cac9162e3a') in 0.004396 seconds
  Import took 0.006759 seconds .

========================================================================
Received Import Request.
  Time since last request: 0.009546 seconds.
  path: Assets/Races/TestModel/Recip
  artifactKey: Guid(6cb9a4567ae17f545af534c1b864ef3b) Importer(815301076,1909f56bfc062723c751e8b465ee728b)
Start importing Assets/Races/TestModel/Recip using Guid(6cb9a4567ae17f545af534c1b864ef3b) Importer(815301076,1909f56bfc062723c751e8b465ee728b)  -> (artifact id: '12943dbb10a762e3378df3cac9162e3a') in 0.001348 seconds
  Import took 0.003232 seconds .

========================================================================
Received Import Request.
  Time since last request: 6.404589 seconds.
  path: Assets/Races/TestModel/Recipes
  artifactKey: Guid(6cb9a4567ae17f545af534c1b864ef3b) Importer(815301076,1909f56bfc062723c751e8b465ee728b)
Start importing Assets/Races/TestModel/Recipes using Guid(6cb9a4567ae17f545af534c1b864ef3b) Importer(815301076,1909f56bfc062723c751e8b465ee728b)  -> (artifact id: '015baaca3b5d8db465e769daa869cebd') in 0.004208 seconds
  Import took 0.006409 seconds .

========================================================================
Received Import Request.
  Time since last request: 0.043226 seconds.
  path: Assets/Races/TestModel/Recipes
  artifactKey: Guid(6cb9a4567ae17f545af534c1b864ef3b) Importer(815301076,1909f56bfc062723c751e8b465ee728b)
Start importing Assets/Races/TestModel/Recipes using Guid(6cb9a4567ae17f545af534c1b864ef3b) Importer(815301076,1909f56bfc062723c751e8b465ee728b)  -> (artifact id: '015baaca3b5d8db465e769daa869cebd') in 0.001372 seconds
  Import took 0.003465 seconds .

========================================================================
Received Import Request.
  Time since last request: 5.238785 seconds.
  path: Assets/Races/TestModel/Slots
  artifactKey: Guid(935691469bda395479fedeba28a1016d) Importer(815301076,1909f56bfc062723c751e8b465ee728b)
Start importing Assets/Races/TestModel/Slots using Guid(935691469bda395479fedeba28a1016d) Importer(815301076,1909f56bfc062723c751e8b465ee728b)  -> (artifact id: '10ebd011e64199b19484239e4dd63fe3') in 0.001365 seconds
  Import took 0.003607 seconds .

========================================================================
Received Import Request.
  Time since last request: 14.996534 seconds.
  path: Assets/Races/TestModel/FBX/TPoses
  artifactKey: Guid(9b12989e39f827d47955874210ba5ee5) Importer(815301076,1909f56bfc062723c751e8b465ee728b)
Start importing Assets/Races/TestModel/FBX/TPoses using Guid(9b12989e39f827d47955874210ba5ee5) Importer(815301076,1909f56bfc062723c751e8b465ee728b)  -> (artifact id: 'b36ef7d564734ce61261fb9649264e45') in 0.004629 seconds
  Import took 0.006963 seconds .

========================================================================
Received Import Request.
  Time since last request: 0.009355 seconds.
  path: Assets/Races/TestModel/FBX/TPoses
  artifactKey: Guid(9b12989e39f827d47955874210ba5ee5) Importer(815301076,1909f56bfc062723c751e8b465ee728b)
Start importing Assets/Races/TestModel/FBX/TPoses using Guid(9b12989e39f827d47955874210ba5ee5) Importer(815301076,1909f56bfc062723c751e8b465ee728b)  -> (artifact id: 'b36ef7d564734ce61261fb9649264e45') in 0.001390 seconds
  Import took 0.003670 seconds .

========================================================================
Received Import Request.
  Time since last request: 14.037486 seconds.
  path: Assets/Races/TestModel/RaceData/New RaceData.asset
  artifactKey: Guid(f47473c11b2e5c0428c70bf6eee39755) Importer(815301076,1909f56bfc062723c751e8b465ee728b)
Start importing Assets/Races/TestModel/RaceData/New RaceData.asset using Guid(f47473c11b2e5c0428c70bf6eee39755) Importer(815301076,1909f56bfc062723c751e8b465ee728b)  -> (artifact id: '4db65b6aa52032f78ddaf77ed173dc4a') in 0.006429 seconds
  Import took 0.008853 seconds .

========================================================================
Received Import Request.
  Time since last request: 0.037238 seconds.
  path: Assets/Races/TestModel/RaceData/New RaceData.asset
  artifactKey: Guid(f47473c11b2e5c0428c70bf6eee39755) Importer(815301076,1909f56bfc062723c751e8b465ee728b)
Start importing Assets/Races/TestModel/RaceData/New RaceData.asset using Guid(f47473c11b2e5c0428c70bf6eee39755) Importer(815301076,1909f56bfc062723c751e8b465ee728b)  -> (artifact id: '4db65b6aa52032f78ddaf77ed173dc4a') in 0.001827 seconds
  Import took 0.004279 seconds .

========================================================================
Received Import Request.
  Time since last request: 5.763355 seconds.
  path: Assets/Races/TestModel/RaceData/TestRaceRaceData.asset
  artifactKey: Guid(f47473c11b2e5c0428c70bf6eee39755) Importer(815301076,1909f56bfc062723c751e8b465ee728b)
Start importing Assets/Races/TestModel/RaceData/TestRaceRaceData.asset using Guid(f47473c11b2e5c0428c70bf6eee39755) Importer(815301076,1909f56bfc062723c751e8b465ee728b)  -> (artifact id: '792ef5d500e9b0a91fe179e7ac0d1459') in 0.004855 seconds
  Import took 0.007377 seconds .

========================================================================
Received Import Request.
  Time since last request: 0.038941 seconds.
  path: Assets/Races/TestModel/RaceData/TestRaceRaceData.asset
  artifactKey: Guid(f47473c11b2e5c0428c70bf6eee39755) Importer(815301076,1909f56bfc062723c751e8b465ee728b)
Start importing Assets/Races/TestModel/RaceData/TestRaceRaceData.asset using Guid(f47473c11b2e5c0428c70bf6eee39755) Importer(815301076,1909f56bfc062723c751e8b465ee728b)  -> (artifact id: '792ef5d500e9b0a91fe179e7ac0d1459') in 0.010654 seconds
  Import took 0.013018 seconds .

========================================================================
Received Import Request.
  Time since last request: 3.689581 seconds.
  path: Assets/Races/TestModel/RaceData/TestRaceRaceData.asset
  artifactKey: Guid(f47473c11b2e5c0428c70bf6eee39755) Importer(815301076,1909f56bfc062723c751e8b465ee728b)
Start importing Assets/Races/TestModel/RaceData/TestRaceRaceData.asset using Guid(f47473c11b2e5c0428c70bf6eee39755) Importer(815301076,1909f56bfc062723c751e8b465ee728b)  -> (artifact id: 'f3ceb49323b746cd6924f53cfb46850c') in 0.002227 seconds
  Import took 0.004653 seconds .

========================================================================
Received Import Request.
  Time since last request: 0.041601 seconds.
  path: Assets/Races/TestModel/RaceData/TestRaceRaceData.asset
  artifactKey: Guid(f47473c11b2e5c0428c70bf6eee39755) Importer(815301076,1909f56bfc062723c751e8b465ee728b)
Start importing Assets/Races/TestModel/RaceData/TestRaceRaceData.asset using Guid(f47473c11b2e5c0428c70bf6eee39755) Importer(815301076,1909f56bfc062723c751e8b465ee728b)  -> (artifact id: 'f3ceb49323b746cd6924f53cfb46850c') in 0.001845 seconds
  Import took 0.004200 seconds .

========================================================================
Received Import Request.
  Time since last request: 5.039855 seconds.
  path: Assets/Races/TestModel/TPoses/TestModel_TPose.asset
  artifactKey: Guid(fa4c03756d8694a44ada77a6c306ec74) Importer(815301076,1909f56bfc062723c751e8b465ee728b)
Start importing Assets/Races/TestModel/TPoses/TestModel_TPose.asset using Guid(fa4c03756d8694a44ada77a6c306ec74) Importer(815301076,1909f56bfc062723c751e8b465ee728b)  -> (artifact id: 'a37f69a6dd5e06047c60534a43aad29b') in 0.005300 seconds
  Import took 0.008033 seconds .

========================================================================
Received Import Request.
  Time since last request: 2.993863 seconds.
  path: Assets/Races/TestModel/RaceData/TestRaceRaceData.asset
  artifactKey: Guid(f47473c11b2e5c0428c70bf6eee39755) Importer(815301076,1909f56bfc062723c751e8b465ee728b)
Start importing Assets/Races/TestModel/RaceData/TestRaceRaceData.asset using Guid(f47473c11b2e5c0428c70bf6eee39755) Importer(815301076,1909f56bfc062723c751e8b465ee728b)  -> (artifact id: '4c456c51a09657c09d20be2112f96043') in 0.002293 seconds
  Import took 0.004820 seconds .

========================================================================
Received Import Request.
  Time since last request: 13.481009 seconds.
  path: Assets/Races/TestModel/Recipes/New UMATextRecipe.asset
  artifactKey: Guid(06c8e24f29fb4504986986c15fe123a1) Importer(815301076,1909f56bfc062723c751e8b465ee728b)
Start importing Assets/Races/TestModel/Recipes/New UMATextRecipe.asset using Guid(06c8e24f29fb4504986986c15fe123a1) Importer(815301076,1909f56bfc062723c751e8b465ee728b)  -> (artifact id: '31e71722ee1d0dcb833307c12b28edd2') in 0.006392 seconds
  Import took 0.008900 seconds .

========================================================================
Received Import Request.
  Time since last request: 8.801080 seconds.
  path: Assets/Races/TestModel/Recipes/TEstModelUMATextRecipe.asset
  artifactKey: Guid(06c8e24f29fb4504986986c15fe123a1) Importer(815301076,1909f56bfc062723c751e8b465ee728b)
Start importing Assets/Races/TestModel/Recipes/TEstModelUMATextRecipe.asset using Guid(06c8e24f29fb4504986986c15fe123a1) Importer(815301076,1909f56bfc062723c751e8b465ee728b)  -> (artifact id: 'c7fcb4cc7ebdf370fd137211017fad42') in 0.005070 seconds
  Import took 0.007685 seconds .

========================================================================
Received Import Request.
  Time since last request: 3.012002 seconds.
  path: Assets/Races/TestModel/Recipes/TestModelUMATextRecipe.asset
  artifactKey: Guid(06c8e24f29fb4504986986c15fe123a1) Importer(815301076,1909f56bfc062723c751e8b465ee728b)
Start importing Assets/Races/TestModel/Recipes/TestModelUMATextRecipe.asset using Guid(06c8e24f29fb4504986986c15fe123a1) Importer(815301076,1909f56bfc062723c751e8b465ee728b)  -> (artifact id: '316cb5d27c4807e4954e9de536406f39') in 0.004815 seconds
  Import took 0.007228 seconds .

========================================================================
Received Import Request.
  Time since last request: 2.159409 seconds.
  path: Assets/Races/TestModel/Recipes/TestModelUMATextRecipe.asset
  artifactKey: Guid(06c8e24f29fb4504986986c15fe123a1) Importer(815301076,1909f56bfc062723c751e8b465ee728b)
Start importing Assets/Races/TestModel/Recipes/TestModelUMATextRecipe.asset using Guid(06c8e24f29fb4504986986c15fe123a1) Importer(815301076,1909f56bfc062723c751e8b465ee728b)  -> (artifact id: '8473fbb04404eb0b30a4e04db44a5e0b') in 0.001829 seconds
  Import took 0.004138 seconds .

========================================================================
Received Import Request.
  Time since last request: 0.041987 seconds.
  path: Assets/Races/TestModel/RaceData/TestRaceRaceData.asset
  artifactKey: Guid(f47473c11b2e5c0428c70bf6eee39755) Importer(815301076,1909f56bfc062723c751e8b465ee728b)
Start importing Assets/Races/TestModel/RaceData/TestRaceRaceData.asset using Guid(f47473c11b2e5c0428c70bf6eee39755) Importer(815301076,1909f56bfc062723c751e8b465ee728b)  -> (artifact id: '7f86d61c1819eb60e204216530086c89') in 0.002011 seconds
  Import took 0.004238 seconds .

========================================================================
Received Import Request.
  Time since last request: 44.286381 seconds.
  path: Assets/Races/TestModel/Recipes/TestModelUMATextRecipe.asset
  artifactKey: Guid(06c8e24f29fb4504986986c15fe123a1) Importer(815301076,1909f56bfc062723c751e8b465ee728b)
Start importing Assets/Races/TestModel/Recipes/TestModelUMATextRecipe.asset using Guid(06c8e24f29fb4504986986c15fe123a1) Importer(815301076,1909f56bfc062723c751e8b465ee728b)  -> (artifact id: 'd39b917b4bdf31a0574e3756885ec75d') in 0.001783 seconds
  Import took 0.004144 seconds .

========================================================================
Received Import Request.
  Time since last request: 0.000211 seconds.
  path: Assets/Races/TestModel/Recipes/TestModelUMATextRecipe.asset
  artifactKey: Guid(06c8e24f29fb4504986986c15fe123a1) Importer(815301076,1909f56bfc062723c751e8b465ee728b)
Start importing Assets/Races/TestModel/Recipes/TestModelUMATextRecipe.asset using Guid(06c8e24f29fb4504986986c15fe123a1) Importer(815301076,1909f56bfc062723c751e8b465ee728b)  -> (artifact id: 'd39b917b4bdf31a0574e3756885ec75d') in 0.001421 seconds
  Import took 0.003057 seconds .

========================================================================
Received Import Request.
  Time since last request: 94.839187 seconds.
  path: Assets/Races/TestModel/Recipes/TestModelUMATextRecipe.asset
  artifactKey: Guid(06c8e24f29fb4504986986c15fe123a1) Importer(815301076,1909f56bfc062723c751e8b465ee728b)
Start importing Assets/Races/TestModel/Recipes/TestModelUMATextRecipe.asset using Guid(06c8e24f29fb4504986986c15fe123a1) Importer(815301076,1909f56bfc062723c751e8b465ee728b)  -> (artifact id: '4c29d7d0876b89e2479c8cf00d1657c5') in 0.001851 seconds
  Import took 0.004231 seconds .

========================================================================
Received Import Request.
  Time since last request: 0.001301 seconds.
  path: Assets/Races/TestModel/Recipes/TestModelUMATextRecipe.asset
  artifactKey: Guid(06c8e24f29fb4504986986c15fe123a1) Importer(815301076,1909f56bfc062723c751e8b465ee728b)
Start importing Assets/Races/TestModel/Recipes/TestModelUMATextRecipe.asset using Guid(06c8e24f29fb4504986986c15fe123a1) Importer(815301076,1909f56bfc062723c751e8b465ee728b)  -> (artifact id: '4c29d7d0876b89e2479c8cf00d1657c5') in 0.001505 seconds
  Import took 0.003408 seconds .

========================================================================
Received Import Request.
  Time since last request: 25.865156 seconds.
  path: Assets/Races/TestModel/Recipes/TestModelUMATextRecipe.asset
  artifactKey: Guid(06c8e24f29fb4504986986c15fe123a1) Importer(815301076,1909f56bfc062723c751e8b465ee728b)
Start importing Assets/Races/TestModel/Recipes/TestModelUMATextRecipe.asset using Guid(06c8e24f29fb4504986986c15fe123a1) Importer(815301076,1909f56bfc062723c751e8b465ee728b)  -> (artifact id: '1d6d41580167546010ea6935fc174269') in 0.001807 seconds
  Import took 0.004050 seconds .

========================================================================
Received Import Request.
  Time since last request: 0.000494 seconds.
  path: Assets/Races/TestModel/Recipes/TestModelUMATextRecipe.asset
  artifactKey: Guid(06c8e24f29fb4504986986c15fe123a1) Importer(815301076,1909f56bfc062723c751e8b465ee728b)
Start importing Assets/Races/TestModel/Recipes/TestModelUMATextRecipe.asset using Guid(06c8e24f29fb4504986986c15fe123a1) Importer(815301076,1909f56bfc062723c751e8b465ee728b)  -> (artifact id: '1d6d41580167546010ea6935fc174269') in 0.001363 seconds
  Import took 0.003294 seconds .

========================================================================
Received Import Request.
  Time since last request: 6.565742 seconds.
  path: Assets/Races/TestModel/Recipes/TestModelUMATextRecipe.asset
  artifactKey: Guid(06c8e24f29fb4504986986c15fe123a1) Importer(815301076,1909f56bfc062723c751e8b465ee728b)
Start importing Assets/Races/TestModel/Recipes/TestModelUMATextRecipe.asset using Guid(06c8e24f29fb4504986986c15fe123a1) Importer(815301076,1909f56bfc062723c751e8b465ee728b)  -> (artifact id: 'd8f61ba885c0f38b80f04b0df29cc255') in 0.001836 seconds
  Import took 0.004103 seconds .

========================================================================
Received Import Request.
  Time since last request: 0.000401 seconds.
  path: Assets/Races/TestModel/Recipes/TestModelUMATextRecipe.asset
  artifactKey: Guid(06c8e24f29fb4504986986c15fe123a1) Importer(815301076,1909f56bfc062723c751e8b465ee728b)
Start importing Assets/Races/TestModel/Recipes/TestModelUMATextRecipe.asset using Guid(06c8e24f29fb4504986986c15fe123a1) Importer(815301076,1909f56bfc062723c751e8b465ee728b)  -> (artifact id: 'd8f61ba885c0f38b80f04b0df29cc255') in 0.001380 seconds
  Import took 0.003047 seconds .

========================================================================
Received Import Request.
  Time since last request: 6.086387 seconds.
  path: Assets/Races/TestModel/Recipes/TestModelUMATextRecipe.asset
  artifactKey: Guid(06c8e24f29fb4504986986c15fe123a1) Importer(815301076,1909f56bfc062723c751e8b465ee728b)
Start importing Assets/Races/TestModel/Recipes/TestModelUMATextRecipe.asset using Guid(06c8e24f29fb4504986986c15fe123a1) Importer(815301076,1909f56bfc062723c751e8b465ee728b)  -> (artifact id: '26b57c3b77827b2ab4fb73d9915c36a4') in 0.001803 seconds
  Import took 0.004103 seconds .

========================================================================
Received Import Request.
  Time since last request: 0.000534 seconds.
  path: Assets/Races/TestModel/Recipes/TestModelUMATextRecipe.asset
  artifactKey: Guid(06c8e24f29fb4504986986c15fe123a1) Importer(815301076,1909f56bfc062723c751e8b465ee728b)
Start importing Assets/Races/TestModel/Recipes/TestModelUMATextRecipe.asset using Guid(06c8e24f29fb4504986986c15fe123a1) Importer(815301076,1909f56bfc062723c751e8b465ee728b)  -> (artifact id: '26b57c3b77827b2ab4fb73d9915c36a4') in 0.001484 seconds
  Import took 0.003125 seconds .

========================================================================
Received Import Request.
  Time since last request: 5.955399 seconds.
  path: Assets/Races/TestModel/Recipes/TestModelUMATextRecipe.asset
  artifactKey: Guid(06c8e24f29fb4504986986c15fe123a1) Importer(815301076,1909f56bfc062723c751e8b465ee728b)
Start importing Assets/Races/TestModel/Recipes/TestModelUMATextRecipe.asset using Guid(06c8e24f29fb4504986986c15fe123a1) Importer(815301076,1909f56bfc062723c751e8b465ee728b)  -> (artifact id: '4088bf41004949036ae99032f3f9a295') in 0.001842 seconds
  Import took 0.004350 seconds .

========================================================================
Received Import Request.
  Time since last request: 0.000604 seconds.
  path: Assets/Races/TestModel/Recipes/TestModelUMATextRecipe.asset
  artifactKey: Guid(06c8e24f29fb4504986986c15fe123a1) Importer(815301076,1909f56bfc062723c751e8b465ee728b)
Start importing Assets/Races/TestModel/Recipes/TestModelUMATextRecipe.asset using Guid(06c8e24f29fb4504986986c15fe123a1) Importer(815301076,1909f56bfc062723c751e8b465ee728b)  -> (artifact id: '4088bf41004949036ae99032f3f9a295') in 0.001680 seconds
  Import took 0.003463 seconds .

========================================================================
Received Import Request.
  Time since last request: 3.880193 seconds.
  path: Assets/Races/TestModel/Recipes/TestModelUMATextRecipe.asset
  artifactKey: Guid(06c8e24f29fb4504986986c15fe123a1) Importer(815301076,1909f56bfc062723c751e8b465ee728b)
Start importing Assets/Races/TestModel/Recipes/TestModelUMATextRecipe.asset using Guid(06c8e24f29fb4504986986c15fe123a1) Importer(815301076,1909f56bfc062723c751e8b465ee728b)  -> (artifact id: '60291e910617ee4a44c08cef73f1870f') in 0.001807 seconds
  Import took 0.004069 seconds .

========================================================================
Received Import Request.
  Time since last request: 0.000245 seconds.
  path: Assets/Races/TestModel/Recipes/TestModelUMATextRecipe.asset
  artifactKey: Guid(06c8e24f29fb4504986986c15fe123a1) Importer(815301076,1909f56bfc062723c751e8b465ee728b)
Start importing Assets/Races/TestModel/Recipes/TestModelUMATextRecipe.asset using Guid(06c8e24f29fb4504986986c15fe123a1) Importer(815301076,1909f56bfc062723c751e8b465ee728b)  -> (artifact id: '60291e910617ee4a44c08cef73f1870f') in 0.001497 seconds
  Import took 0.003268 seconds .

========================================================================
Received Import Request.
  Time since last request: 1.463371 seconds.
  path: Assets/Races/Common/InnerMouthOverlay/InnerMouth.asset
  artifactKey: Guid(5746c09014733de4bbf208291c61aaea) Importer(815301076,1909f56bfc062723c751e8b465ee728b)
Start importing Assets/Races/Common/InnerMouthOverlay/InnerMouth.asset using Guid(5746c09014733de4bbf208291c61aaea) Importer(815301076,1909f56bfc062723c751e8b465ee728b)  -> (artifact id: '5c0c9316cca629ee111b56f1e475b20e') in 0.055216 seconds
  Import took 0.057937 seconds .

========================================================================
Received Import Request.
  Time since last request: 4.820065 seconds.
  path: Assets/Races/TestModel/Recipes/TestModelUMATextRecipe.asset
  artifactKey: Guid(06c8e24f29fb4504986986c15fe123a1) Importer(815301076,1909f56bfc062723c751e8b465ee728b)
Start importing Assets/Races/TestModel/Recipes/TestModelUMATextRecipe.asset using Guid(06c8e24f29fb4504986986c15fe123a1) Importer(815301076,1909f56bfc062723c751e8b465ee728b)  -> (artifact id: '1b9335b16cce3637ffec2052f997934d') in 0.001751 seconds
  Import took 0.003995 seconds .

========================================================================
Received Import Request.
  Time since last request: 0.000384 seconds.
  path: Assets/Races/TestModel/Recipes/TestModelUMATextRecipe.asset
  artifactKey: Guid(06c8e24f29fb4504986986c15fe123a1) Importer(815301076,1909f56bfc062723c751e8b465ee728b)
Start importing Assets/Races/TestModel/Recipes/TestModelUMATextRecipe.asset using Guid(06c8e24f29fb4504986986c15fe123a1) Importer(815301076,1909f56bfc062723c751e8b465ee728b)  -> (artifact id: '1b9335b16cce3637ffec2052f997934d') in 0.001529 seconds
  Import took 0.003492 seconds .

========================================================================
Received Import Request.
  Time since last request: 38.333723 seconds.
  path: Assets/Races/Common/DNA/ExampleDNAAsset.asset
  artifactKey: Guid(51557a0d9997c5945973dff0a2fc7031) Importer(815301076,1909f56bfc062723c751e8b465ee728b)
Start importing Assets/Races/Common/DNA/ExampleDNAAsset.asset using Guid(51557a0d9997c5945973dff0a2fc7031) Importer(815301076,1909f56bfc062723c751e8b465ee728b)  -> (artifact id: '0d07876445d6a96376c7db9d4882c34b') in 0.005438 seconds
  Import took 0.007919 seconds .

========================================================================
Received Import Request.
  Time since last request: 20.850810 seconds.
  path: Assets/Races/TestModel/RaceData/TestRaceRaceData.asset
  artifactKey: Guid(f47473c11b2e5c0428c70bf6eee39755) Importer(815301076,1909f56bfc062723c751e8b465ee728b)
Start importing Assets/Races/TestModel/RaceData/TestRaceRaceData.asset using Guid(f47473c11b2e5c0428c70bf6eee39755) Importer(815301076,1909f56bfc062723c751e8b465ee728b)  -> (artifact id: '7ae976bf49746fbab031ddf1c9f98d6e') in 0.045489 seconds
  Import took 0.048008 seconds .

========================================================================
Received Import Request.
  Time since last request: 0.001450 seconds.
  path: Assets/Races/TestModel/RaceData/TestRaceRaceData.asset
  artifactKey: Guid(f47473c11b2e5c0428c70bf6eee39755) Importer(815301076,1909f56bfc062723c751e8b465ee728b)
Start importing Assets/Races/TestModel/RaceData/TestRaceRaceData.asset using Guid(f47473c11b2e5c0428c70bf6eee39755) Importer(815301076,1909f56bfc062723c751e8b465ee728b)  -> (artifact id: '7ae976bf49746fbab031ddf1c9f98d6e') in 0.011163 seconds
  Import took 0.013531 seconds .

========================================================================
Received Import Request.
  Time since last request: 8.148829 seconds.
  path: Assets/Races/TestModel/RaceData/TestRaceRaceData.asset
  artifactKey: Guid(f47473c11b2e5c0428c70bf6eee39755) Importer(815301076,1909f56bfc062723c751e8b465ee728b)
Start importing Assets/Races/TestModel/RaceData/TestRaceRaceData.asset using Guid(f47473c11b2e5c0428c70bf6eee39755) Importer(815301076,1909f56bfc062723c751e8b465ee728b)  -> (artifact id: '257b58891e8bd5a10967a839b965cee7') in 0.012070 seconds
  Import took 0.025560 seconds .

========================================================================
Received Import Request.
  Time since last request: 0.024209 seconds.
  path: Assets/Races/TestModel/RaceData/TestRaceRaceData.asset
  artifactKey: Guid(f47473c11b2e5c0428c70bf6eee39755) Importer(815301076,1909f56bfc062723c751e8b465ee728b)
Start importing Assets/Races/TestModel/RaceData/TestRaceRaceData.asset using Guid(f47473c11b2e5c0428c70bf6eee39755) Importer(815301076,1909f56bfc062723c751e8b465ee728b)  -> (artifact id: '257b58891e8bd5a10967a839b965cee7') in 0.011241 seconds
  Import took 0.013843 seconds .

========================================================================
Received Import Request.
  Time since last request: 6.495175 seconds.
  path: Assets/Races/TestModel/RaceData/TestRaceRaceData.asset
  artifactKey: Guid(f47473c11b2e5c0428c70bf6eee39755) Importer(815301076,1909f56bfc062723c751e8b465ee728b)
Start importing Assets/Races/TestModel/RaceData/TestRaceRaceData.asset using Guid(f47473c11b2e5c0428c70bf6eee39755) Importer(815301076,1909f56bfc062723c751e8b465ee728b)  -> (artifact id: '1541e44094fa3926faf792c6f3ab7ed2') in 0.028846 seconds
  Import took 0.031302 seconds .

========================================================================
Received Import Request.
  Time since last request: 0.018255 seconds.
  path: Assets/Races/TestModel/RaceData/TestRaceRaceData.asset
  artifactKey: Guid(f47473c11b2e5c0428c70bf6eee39755) Importer(815301076,1909f56bfc062723c751e8b465ee728b)
Start importing Assets/Races/TestModel/RaceData/TestRaceRaceData.asset using Guid(f47473c11b2e5c0428c70bf6eee39755) Importer(815301076,1909f56bfc062723c751e8b465ee728b)  -> (artifact id: '1541e44094fa3926faf792c6f3ab7ed2') in 0.012438 seconds
  Import took 0.014947 seconds .

========================================================================
Received Prepare
Registering precompiled user dll's ...
Registered in 0.000469 seconds.
Begin MonoManager ReloadAssembly
Native extension for WindowsStandalone target not found
Native extension for WebGL target not found
Refreshing native plugins compatible for Editor in 0.46 ms, found 0 plugins.
Preloading 0 native plugins for Editor in 0.00 ms.
Invoked RoslynAnalysisRunner static constructor.
RoslynAnalysisRunner will not be running.
RoslynAnalysisRunner has terminated.
Mono: successfully reloaded assembly
- Completed reload, in  0.615 seconds
Platform modules already initialized, skipping
Refreshing native plugins compatible for Editor in 0.44 ms, found 0 plugins.
Preloading 0 native plugins for Editor in 0.00 ms.
Unloading 1469 Unused Serialized files (Serialized files now loaded: 0)
System memory in use before: 91.1 MB.
System memory in use after: 91.2 MB.

Unloading 4 unused Assets to reduce memory usage. Loaded Objects now: 1991.
Total: 1.534100 ms (FindLiveObjects: 0.155100 ms CreateObjectMapping: 0.037400 ms MarkObjects: 1.328800 ms  DeleteObjects: 0.011900 ms)

